Requirement already satisfied: terratorch in /home/jalmeida/Projetos/opensource/terratorch (0.99.9)
Requirement already satisfied: gdown in /home/jalmeida/.pyenv/versions/3.12.7/envs/sbsr/lib/python3.12/site-packages (5.2.0)
Requirement already satisfied: tensorboard in /home/jalmeida/.pyenv/versions/3.12.7/envs/sbsr/lib/python3.12/site-packages (2.19.0)
Requirement already satisfied: torch in /home/jalmeida/.pyenv/versions/3.12.7/envs/sbsr/lib/python3.12/site-packages (from terratorch) (2.6.0)
Requirement already satisfied: torchvision in /home/jalmeida/.pyenv/versions/3.12.7/envs/sbsr/lib/python3.12/site-packages (from terratorch) (0.21.0)
Requirement already satisfied: rioxarray in /home/jalmeida/.pyenv/versions/3.12.7/envs/sbsr/lib/python3.12/site-packages (from terratorch) (0.18.2)
Requirement already satisfied: albumentations==1.4.6 in /home/jalmeida/.pyenv/versions/3.12.7/envs/sbsr/lib/python3.12/site-packages (from terratorch) (1.4.6)
Requirement already satisfied: albucore==0.0.16 in /home/jalmeida/.pyenv/versions/3.12.7/envs/sbsr/lib/python3.12/site-packages (from terratorch) (0.0.16)
Requirement already satisfied: rasterio in /home/jalmeida/.pyenv/versions/3.12.7/envs/sbsr/lib/python3.12/site-packages (from terratorch) (1.4.3)
Requirement already satisfied: torchmetrics in /home/jalmeida/.pyenv/versions/3.12.7/envs/sbsr/lib/python3.12/site-packages (from terratorch) (1.7.0)
Requirement already satisfied: geopandas in /home/jalmeida/.pyenv/versions/3.12.7/envs/sbsr/lib/python3.12/site-packages (from terratorch) (1.0.1)
Requirement already satisfied: lightly in /home/jalmeida/.pyenv/versions/3.12.7/envs/sbsr/lib/python3.12/site-packages (from terratorch) (1.5.19)
Requirement already satisfied: jsonargparse<=4.35.0 in /home/jalmeida/.pyenv/versions/3.12.7/envs/sbsr/lib/python3.12/site-packages (from terratorch) (4.35.0)
Requirement already satisfied: h5py in /home/jalmeida/.pyenv/versions/3.12.7/envs/sbsr/lib/python3.12/site-packages (from terratorch) (3.13.0)
Requirement already satisfied: mlflow in /home/jalmeida/.pyenv/versions/3.12.7/envs/sbsr/lib/python3.12/site-packages (from terratorch) (2.21.2)
Requirement already satisfied: lightning in /home/jalmeida/.pyenv/versions/3.12.7/envs/sbsr/lib/python3.12/site-packages (from terratorch) (2.5.1)
Requirement already satisfied: segmentation-models-pytorch in /home/jalmeida/.pyenv/versions/3.12.7/envs/sbsr/lib/python3.12/site-packages (from terratorch) (0.4.0)
Requirement already satisfied: pytest in /home/jalmeida/.pyenv/versions/3.12.7/envs/sbsr/lib/python3.12/site-packages (from terratorch) (8.3.5)
Requirement already satisfied: torchgeo in /home/jalmeida/.pyenv/versions/3.12.7/envs/sbsr/lib/python3.12/site-packages (from terratorch) (0.6.2)
Requirement already satisfied: einops in /home/jalmeida/.pyenv/versions/3.12.7/envs/sbsr/lib/python3.12/site-packages (from terratorch) (0.8.1)
Requirement already satisfied: timm>=1.0.15 in /home/jalmeida/.pyenv/versions/3.12.7/envs/sbsr/lib/python3.12/site-packages (from terratorch) (1.0.15)
Requirement already satisfied: numpy>=1.24 in /home/jalmeida/.pyenv/versions/3.12.7/envs/sbsr/lib/python3.12/site-packages (from albucore==0.0.16->terratorch) (2.2.4)
Requirement already satisfied: opencv-python-headless>=4.9.0.80 in /home/jalmeida/.pyenv/versions/3.12.7/envs/sbsr/lib/python3.12/site-packages (from albucore==0.0.16->terratorch) (4.11.0.86)
Requirement already satisfied: scipy>=1.10.0 in /home/jalmeida/.pyenv/versions/3.12.7/envs/sbsr/lib/python3.12/site-packages (from albumentations==1.4.6->terratorch) (1.15.2)
Requirement already satisfied: scikit-image>=0.21.0 in /home/jalmeida/.pyenv/versions/3.12.7/envs/sbsr/lib/python3.12/site-packages (from albumentations==1.4.6->terratorch) (0.25.2)
Requirement already satisfied: PyYAML in /home/jalmeida/.pyenv/versions/3.12.7/envs/sbsr/lib/python3.12/site-packages (from albumentations==1.4.6->terratorch) (6.0.2)
Requirement already satisfied: typing-extensions>=4.9.0 in /home/jalmeida/.pyenv/versions/3.12.7/envs/sbsr/lib/python3.12/site-packages (from albumentations==1.4.6->terratorch) (4.13.0)
Requirement already satisfied: scikit-learn>=1.3.2 in /home/jalmeida/.pyenv/versions/3.12.7/envs/sbsr/lib/python3.12/site-packages (from albumentations==1.4.6->terratorch) (1.6.1)
Requirement already satisfied: pydantic>=2.7.0 in /home/jalmeida/.pyenv/versions/3.12.7/envs/sbsr/lib/python3.12/site-packages (from albumentations==1.4.6->terratorch) (2.11.0)
Requirement already satisfied: beautifulsoup4 in /home/jalmeida/.pyenv/versions/3.12.7/envs/sbsr/lib/python3.12/site-packages (from gdown) (4.13.3)
Requirement already satisfied: filelock in /home/jalmeida/.pyenv/versions/3.12.7/envs/sbsr/lib/python3.12/site-packages (from gdown) (3.18.0)
Requirement already satisfied: requests[socks] in /home/jalmeida/.pyenv/versions/3.12.7/envs/sbsr/lib/python3.12/site-packages (from gdown) (2.32.3)
Requirement already satisfied: tqdm in /home/jalmeida/.pyenv/versions/3.12.7/envs/sbsr/lib/python3.12/site-packages (from gdown) (4.67.1)
Requirement already satisfied: absl-py>=0.4 in /home/jalmeida/.pyenv/versions/3.12.7/envs/sbsr/lib/python3.12/site-packages (from tensorboard) (2.2.1)
Requirement already satisfied: grpcio>=1.48.2 in /home/jalmeida/.pyenv/versions/3.12.7/envs/sbsr/lib/python3.12/site-packages (from tensorboard) (1.71.0)
Requirement already satisfied: markdown>=2.6.8 in /home/jalmeida/.pyenv/versions/3.12.7/envs/sbsr/lib/python3.12/site-packages (from tensorboard) (3.7)
Requirement already satisfied: packaging in /home/jalmeida/.pyenv/versions/3.12.7/envs/sbsr/lib/python3.12/site-packages (from tensorboard) (24.2)
Requirement already satisfied: protobuf!=4.24.0,>=3.19.6 in /home/jalmeida/.pyenv/versions/3.12.7/envs/sbsr/lib/python3.12/site-packages (from tensorboard) (5.29.4)
Requirement already satisfied: setuptools>=41.0.0 in /home/jalmeida/.pyenv/versions/3.12.7/envs/sbsr/lib/python3.12/site-packages (from tensorboard) (78.1.0)
Requirement already satisfied: six>1.9 in /home/jalmeida/.pyenv/versions/3.12.7/envs/sbsr/lib/python3.12/site-packages (from tensorboard) (1.17.0)
Requirement already satisfied: tensorboard-data-server<0.8.0,>=0.7.0 in /home/jalmeida/.pyenv/versions/3.12.7/envs/sbsr/lib/python3.12/site-packages (from tensorboard) (0.7.2)
Requirement already satisfied: werkzeug>=1.0.1 in /home/jalmeida/.pyenv/versions/3.12.7/envs/sbsr/lib/python3.12/site-packages (from tensorboard) (3.1.3)
Requirement already satisfied: huggingface_hub in /home/jalmeida/.pyenv/versions/3.12.7/envs/sbsr/lib/python3.12/site-packages (from timm>=1.0.15->terratorch) (0.29.3)
Requirement already satisfied: safetensors in /home/jalmeida/.pyenv/versions/3.12.7/envs/sbsr/lib/python3.12/site-packages (from timm>=1.0.15->terratorch) (0.5.3)
Requirement already satisfied: MarkupSafe>=2.1.1 in /home/jalmeida/.pyenv/versions/3.12.7/envs/sbsr/lib/python3.12/site-packages (from werkzeug>=1.0.1->tensorboard) (3.0.2)
Requirement already satisfied: soupsieve>1.2 in /home/jalmeida/.pyenv/versions/3.12.7/envs/sbsr/lib/python3.12/site-packages (from beautifulsoup4->gdown) (2.6)
Requirement already satisfied: pyogrio>=0.7.2 in /home/jalmeida/.pyenv/versions/3.12.7/envs/sbsr/lib/python3.12/site-packages (from geopandas->terratorch) (0.10.0)
Requirement already satisfied: pandas>=1.4.0 in /home/jalmeida/.pyenv/versions/3.12.7/envs/sbsr/lib/python3.12/site-packages (from geopandas->terratorch) (2.2.3)
Requirement already satisfied: pyproj>=3.3.0 in /home/jalmeida/.pyenv/versions/3.12.7/envs/sbsr/lib/python3.12/site-packages (from geopandas->terratorch) (3.7.1)
Requirement already satisfied: shapely>=2.0.0 in /home/jalmeida/.pyenv/versions/3.12.7/envs/sbsr/lib/python3.12/site-packages (from geopandas->terratorch) (2.0.7)
Requirement already satisfied: certifi>=14.05.14 in /home/jalmeida/.pyenv/versions/3.12.7/envs/sbsr/lib/python3.12/site-packages (from lightly->terratorch) (2025.1.31)
Requirement already satisfied: hydra-core>=1.0.0 in /home/jalmeida/.pyenv/versions/3.12.7/envs/sbsr/lib/python3.12/site-packages (from lightly->terratorch) (1.3.2)
Requirement already satisfied: lightly_utils~=0.0.0 in /home/jalmeida/.pyenv/versions/3.12.7/envs/sbsr/lib/python3.12/site-packages (from lightly->terratorch) (0.0.2)
Requirement already satisfied: python_dateutil>=2.5.3 in /home/jalmeida/.pyenv/versions/3.12.7/envs/sbsr/lib/python3.12/site-packages (from lightly->terratorch) (2.9.0.post0)
Requirement already satisfied: pytorch_lightning>=1.0.4 in /home/jalmeida/.pyenv/versions/3.12.7/envs/sbsr/lib/python3.12/site-packages (from lightly->terratorch) (2.5.1)
Requirement already satisfied: urllib3>=1.25.3 in /home/jalmeida/.pyenv/versions/3.12.7/envs/sbsr/lib/python3.12/site-packages (from lightly->terratorch) (2.3.0)
Requirement already satisfied: aenum>=3.1.11 in /home/jalmeida/.pyenv/versions/3.12.7/envs/sbsr/lib/python3.12/site-packages (from lightly->terratorch) (3.1.15)
Requirement already satisfied: fsspec<2026.0,>=2022.5.0 in /home/jalmeida/.pyenv/versions/3.12.7/envs/sbsr/lib/python3.12/site-packages (from fsspec[http]<2026.0,>=2022.5.0->lightning->terratorch) (2025.3.0)
Requirement already satisfied: lightning-utilities<2.0,>=0.10.0 in /home/jalmeida/.pyenv/versions/3.12.7/envs/sbsr/lib/python3.12/site-packages (from lightning->terratorch) (0.14.2)
Requirement already satisfied: networkx in /home/jalmeida/.pyenv/versions/3.12.7/envs/sbsr/lib/python3.12/site-packages (from torch->terratorch) (3.4.2)
Requirement already satisfied: jinja2 in /home/jalmeida/.pyenv/versions/3.12.7/envs/sbsr/lib/python3.12/site-packages (from torch->terratorch) (3.1.6)
Requirement already satisfied: nvidia-cuda-nvrtc-cu12==12.4.127 in /home/jalmeida/.pyenv/versions/3.12.7/envs/sbsr/lib/python3.12/site-packages (from torch->terratorch) (12.4.127)
Requirement already satisfied: nvidia-cuda-runtime-cu12==12.4.127 in /home/jalmeida/.pyenv/versions/3.12.7/envs/sbsr/lib/python3.12/site-packages (from torch->terratorch) (12.4.127)
Requirement already satisfied: nvidia-cuda-cupti-cu12==12.4.127 in /home/jalmeida/.pyenv/versions/3.12.7/envs/sbsr/lib/python3.12/site-packages (from torch->terratorch) (12.4.127)
Requirement already satisfied: nvidia-cudnn-cu12==9.1.0.70 in /home/jalmeida/.pyenv/versions/3.12.7/envs/sbsr/lib/python3.12/site-packages (from torch->terratorch) (9.1.0.70)
Requirement already satisfied: nvidia-cublas-cu12==12.4.5.8 in /home/jalmeida/.pyenv/versions/3.12.7/envs/sbsr/lib/python3.12/site-packages (from torch->terratorch) (12.4.5.8)
Requirement already satisfied: nvidia-cufft-cu12==11.2.1.3 in /home/jalmeida/.pyenv/versions/3.12.7/envs/sbsr/lib/python3.12/site-packages (from torch->terratorch) (11.2.1.3)
Requirement already satisfied: nvidia-curand-cu12==10.3.5.147 in /home/jalmeida/.pyenv/versions/3.12.7/envs/sbsr/lib/python3.12/site-packages (from torch->terratorch) (10.3.5.147)
Requirement already satisfied: nvidia-cusolver-cu12==11.6.1.9 in /home/jalmeida/.pyenv/versions/3.12.7/envs/sbsr/lib/python3.12/site-packages (from torch->terratorch) (11.6.1.9)
Requirement already satisfied: nvidia-cusparse-cu12==12.3.1.170 in /home/jalmeida/.pyenv/versions/3.12.7/envs/sbsr/lib/python3.12/site-packages (from torch->terratorch) (12.3.1.170)
Requirement already satisfied: nvidia-cusparselt-cu12==0.6.2 in /home/jalmeida/.pyenv/versions/3.12.7/envs/sbsr/lib/python3.12/site-packages (from torch->terratorch) (0.6.2)
Requirement already satisfied: nvidia-nccl-cu12==2.21.5 in /home/jalmeida/.pyenv/versions/3.12.7/envs/sbsr/lib/python3.12/site-packages (from torch->terratorch) (2.21.5)
Requirement already satisfied: nvidia-nvtx-cu12==12.4.127 in /home/jalmeida/.pyenv/versions/3.12.7/envs/sbsr/lib/python3.12/site-packages (from torch->terratorch) (12.4.127)
Requirement already satisfied: nvidia-nvjitlink-cu12==12.4.127 in /home/jalmeida/.pyenv/versions/3.12.7/envs/sbsr/lib/python3.12/site-packages (from torch->terratorch) (12.4.127)
Requirement already satisfied: triton==3.2.0 in /home/jalmeida/.pyenv/versions/3.12.7/envs/sbsr/lib/python3.12/site-packages (from torch->terratorch) (3.2.0)
Requirement already satisfied: sympy==1.13.1 in /home/jalmeida/.pyenv/versions/3.12.7/envs/sbsr/lib/python3.12/site-packages (from torch->terratorch) (1.13.1)
Requirement already satisfied: mpmath<1.4,>=1.1.0 in /home/jalmeida/.pyenv/versions/3.12.7/envs/sbsr/lib/python3.12/site-packages (from sympy==1.13.1->torch->terratorch) (1.3.0)
Requirement already satisfied: mlflow-skinny==2.21.2 in /home/jalmeida/.pyenv/versions/3.12.7/envs/sbsr/lib/python3.12/site-packages (from mlflow->terratorch) (2.21.2)
Requirement already satisfied: Flask<4 in /home/jalmeida/.pyenv/versions/3.12.7/envs/sbsr/lib/python3.12/site-packages (from mlflow->terratorch) (3.1.0)
Requirement already satisfied: alembic!=1.10.0,<2 in /home/jalmeida/.pyenv/versions/3.12.7/envs/sbsr/lib/python3.12/site-packages (from mlflow->terratorch) (1.15.2)
Requirement already satisfied: docker<8,>=4.0.0 in /home/jalmeida/.pyenv/versions/3.12.7/envs/sbsr/lib/python3.12/site-packages (from mlflow->terratorch) (7.1.0)
Requirement already satisfied: graphene<4 in /home/jalmeida/.pyenv/versions/3.12.7/envs/sbsr/lib/python3.12/site-packages (from mlflow->terratorch) (3.4.3)
Requirement already satisfied: gunicorn<24 in /home/jalmeida/.pyenv/versions/3.12.7/envs/sbsr/lib/python3.12/site-packages (from mlflow->terratorch) (23.0.0)
Requirement already satisfied: matplotlib<4 in /home/jalmeida/.pyenv/versions/3.12.7/envs/sbsr/lib/python3.12/site-packages (from mlflow->terratorch) (3.10.1)
Requirement already satisfied: pyarrow<20,>=4.0.0 in /home/jalmeida/.pyenv/versions/3.12.7/envs/sbsr/lib/python3.12/site-packages (from mlflow->terratorch) (19.0.1)
Requirement already satisfied: sqlalchemy<3,>=1.4.0 in /home/jalmeida/.pyenv/versions/3.12.7/envs/sbsr/lib/python3.12/site-packages (from mlflow->terratorch) (2.0.40)
Requirement already satisfied: cachetools<6,>=5.0.0 in /home/jalmeida/.pyenv/versions/3.12.7/envs/sbsr/lib/python3.12/site-packages (from mlflow-skinny==2.21.2->mlflow->terratorch) (5.5.2)
Requirement already satisfied: click<9,>=7.0 in /home/jalmeida/.pyenv/versions/3.12.7/envs/sbsr/lib/python3.12/site-packages (from mlflow-skinny==2.21.2->mlflow->terratorch) (8.1.8)
Requirement already satisfied: cloudpickle<4 in /home/jalmeida/.pyenv/versions/3.12.7/envs/sbsr/lib/python3.12/site-packages (from mlflow-skinny==2.21.2->mlflow->terratorch) (3.1.1)
Requirement already satisfied: databricks-sdk<1,>=0.20.0 in /home/jalmeida/.pyenv/versions/3.12.7/envs/sbsr/lib/python3.12/site-packages (from mlflow-skinny==2.21.2->mlflow->terratorch) (0.49.0)
Requirement already satisfied: fastapi<1 in /home/jalmeida/.pyenv/versions/3.12.7/envs/sbsr/lib/python3.12/site-packages (from mlflow-skinny==2.21.2->mlflow->terratorch) (0.115.12)
Requirement already satisfied: gitpython<4,>=3.1.9 in /home/jalmeida/.pyenv/versions/3.12.7/envs/sbsr/lib/python3.12/site-packages (from mlflow-skinny==2.21.2->mlflow->terratorch) (3.1.44)
Requirement already satisfied: importlib_metadata!=4.7.0,<9,>=3.7.0 in /home/jalmeida/.pyenv/versions/3.12.7/envs/sbsr/lib/python3.12/site-packages (from mlflow-skinny==2.21.2->mlflow->terratorch) (8.6.1)
Requirement already satisfied: opentelemetry-api<3,>=1.9.0 in /home/jalmeida/.pyenv/versions/3.12.7/envs/sbsr/lib/python3.12/site-packages (from mlflow-skinny==2.21.2->mlflow->terratorch) (1.31.1)
Requirement already satisfied: opentelemetry-sdk<3,>=1.9.0 in /home/jalmeida/.pyenv/versions/3.12.7/envs/sbsr/lib/python3.12/site-packages (from mlflow-skinny==2.21.2->mlflow->terratorch) (1.31.1)
Requirement already satisfied: sqlparse<1,>=0.4.0 in /home/jalmeida/.pyenv/versions/3.12.7/envs/sbsr/lib/python3.12/site-packages (from mlflow-skinny==2.21.2->mlflow->terratorch) (0.5.3)
Requirement already satisfied: uvicorn<1 in /home/jalmeida/.pyenv/versions/3.12.7/envs/sbsr/lib/python3.12/site-packages (from mlflow-skinny==2.21.2->mlflow->terratorch) (0.34.0)
Requirement already satisfied: iniconfig in /home/jalmeida/.pyenv/versions/3.12.7/envs/sbsr/lib/python3.12/site-packages (from pytest->terratorch) (2.1.0)
Requirement already satisfied: pluggy<2,>=1.5 in /home/jalmeida/.pyenv/versions/3.12.7/envs/sbsr/lib/python3.12/site-packages (from pytest->terratorch) (1.5.0)
Requirement already satisfied: affine in /home/jalmeida/.pyenv/versions/3.12.7/envs/sbsr/lib/python3.12/site-packages (from rasterio->terratorch) (2.4.0)
Requirement already satisfied: attrs in /home/jalmeida/.pyenv/versions/3.12.7/envs/sbsr/lib/python3.12/site-packages (from rasterio->terratorch) (25.3.0)
Requirement already satisfied: cligj>=0.5 in /home/jalmeida/.pyenv/versions/3.12.7/envs/sbsr/lib/python3.12/site-packages (from rasterio->terratorch) (0.7.2)
Requirement already satisfied: click-plugins in /home/jalmeida/.pyenv/versions/3.12.7/envs/sbsr/lib/python3.12/site-packages (from rasterio->terratorch) (1.1.1)
Requirement already satisfied: pyparsing in /home/jalmeida/.pyenv/versions/3.12.7/envs/sbsr/lib/python3.12/site-packages (from rasterio->terratorch) (3.2.3)
Requirement already satisfied: charset-normalizer<4,>=2 in /home/jalmeida/.pyenv/versions/3.12.7/envs/sbsr/lib/python3.12/site-packages (from requests[socks]->gdown) (3.4.1)
Requirement already satisfied: idna<4,>=2.5 in /home/jalmeida/.pyenv/versions/3.12.7/envs/sbsr/lib/python3.12/site-packages (from requests[socks]->gdown) (3.10)
Requirement already satisfied: PySocks!=1.5.7,>=1.5.6 in /home/jalmeida/.pyenv/versions/3.12.7/envs/sbsr/lib/python3.12/site-packages (from requests[socks]->gdown) (1.7.1)
Requirement already satisfied: xarray>=2024.7.0 in /home/jalmeida/.pyenv/versions/3.12.7/envs/sbsr/lib/python3.12/site-packages (from rioxarray->terratorch) (2025.3.0)
Requirement already satisfied: efficientnet-pytorch>=0.6.1 in /home/jalmeida/.pyenv/versions/3.12.7/envs/sbsr/lib/python3.12/site-packages (from segmentation-models-pytorch->terratorch) (0.7.1)
Requirement already satisfied: pillow>=8 in /home/jalmeida/.pyenv/versions/3.12.7/envs/sbsr/lib/python3.12/site-packages (from segmentation-models-pytorch->terratorch) (11.1.0)
Requirement already satisfied: pretrainedmodels>=0.7.1 in /home/jalmeida/.pyenv/versions/3.12.7/envs/sbsr/lib/python3.12/site-packages (from segmentation-models-pytorch->terratorch) (0.7.4)
Requirement already satisfied: fiona>=1.8.21 in /home/jalmeida/.pyenv/versions/3.12.7/envs/sbsr/lib/python3.12/site-packages (from torchgeo->terratorch) (1.10.1)
Requirement already satisfied: kornia>=0.7.3 in /home/jalmeida/.pyenv/versions/3.12.7/envs/sbsr/lib/python3.12/site-packages (from torchgeo->terratorch) (0.8.0)
Requirement already satisfied: rtree>=1 in /home/jalmeida/.pyenv/versions/3.12.7/envs/sbsr/lib/python3.12/site-packages (from torchgeo->terratorch) (1.4.0)
Requirement already satisfied: Mako in /home/jalmeida/.pyenv/versions/3.12.7/envs/sbsr/lib/python3.12/site-packages (from alembic!=1.10.0,<2->mlflow->terratorch) (1.3.9)
Requirement already satisfied: itsdangerous>=2.2 in /home/jalmeida/.pyenv/versions/3.12.7/envs/sbsr/lib/python3.12/site-packages (from Flask<4->mlflow->terratorch) (2.2.0)
Requirement already satisfied: blinker>=1.9 in /home/jalmeida/.pyenv/versions/3.12.7/envs/sbsr/lib/python3.12/site-packages (from Flask<4->mlflow->terratorch) (1.9.0)
Requirement already satisfied: aiohttp!=4.0.0a0,!=4.0.0a1 in /home/jalmeida/.pyenv/versions/3.12.7/envs/sbsr/lib/python3.12/site-packages (from fsspec[http]<2026.0,>=2022.5.0->lightning->terratorch) (3.11.14)
Requirement already satisfied: graphql-core<3.3,>=3.1 in /home/jalmeida/.pyenv/versions/3.12.7/envs/sbsr/lib/python3.12/site-packages (from graphene<4->mlflow->terratorch) (3.2.6)
Requirement already satisfied: graphql-relay<3.3,>=3.1 in /home/jalmeida/.pyenv/versions/3.12.7/envs/sbsr/lib/python3.12/site-packages (from graphene<4->mlflow->terratorch) (3.2.0)
Requirement already satisfied: omegaconf<2.4,>=2.2 in /home/jalmeida/.pyenv/versions/3.12.7/envs/sbsr/lib/python3.12/site-packages (from hydra-core>=1.0.0->lightly->terratorch) (2.3.0)
Requirement already satisfied: antlr4-python3-runtime==4.9.* in /home/jalmeida/.pyenv/versions/3.12.7/envs/sbsr/lib/python3.12/site-packages (from hydra-core>=1.0.0->lightly->terratorch) (4.9.3)
Requirement already satisfied: kornia_rs>=0.1.0 in /home/jalmeida/.pyenv/versions/3.12.7/envs/sbsr/lib/python3.12/site-packages (from kornia>=0.7.3->torchgeo->terratorch) (0.1.8)
Requirement already satisfied: rich<14.0,>=12.3.0 in /home/jalmeida/.pyenv/versions/3.12.7/envs/sbsr/lib/python3.12/site-packages (from lightning[pytorch-extra]!=2.3.*,>=2->torchgeo->terratorch) (13.9.4)
Requirement already satisfied: tensorboardX<3.0,>=2.2 in /home/jalmeida/.pyenv/versions/3.12.7/envs/sbsr/lib/python3.12/site-packages (from lightning[pytorch-extra]!=2.3.*,>=2->torchgeo->terratorch) (2.6.2.2)
Requirement already satisfied: bitsandbytes<1.0,>=0.45.2 in /home/jalmeida/.pyenv/versions/3.12.7/envs/sbsr/lib/python3.12/site-packages (from lightning[pytorch-extra]!=2.3.*,>=2->torchgeo->terratorch) (0.45.4)
Requirement already satisfied: contourpy>=1.0.1 in /home/jalmeida/.pyenv/versions/3.12.7/envs/sbsr/lib/python3.12/site-packages (from matplotlib<4->mlflow->terratorch) (1.3.1)
Requirement already satisfied: cycler>=0.10 in /home/jalmeida/.pyenv/versions/3.12.7/envs/sbsr/lib/python3.12/site-packages (from matplotlib<4->mlflow->terratorch) (0.12.1)
Requirement already satisfied: fonttools>=4.22.0 in /home/jalmeida/.pyenv/versions/3.12.7/envs/sbsr/lib/python3.12/site-packages (from matplotlib<4->mlflow->terratorch) (4.56.0)
Requirement already satisfied: kiwisolver>=1.3.1 in /home/jalmeida/.pyenv/versions/3.12.7/envs/sbsr/lib/python3.12/site-packages (from matplotlib<4->mlflow->terratorch) (1.4.8)
Requirement already satisfied: pytz>=2020.1 in /home/jalmeida/.pyenv/versions/3.12.7/envs/sbsr/lib/python3.12/site-packages (from pandas>=1.4.0->geopandas->terratorch) (2025.2)
Requirement already satisfied: tzdata>=2022.7 in /home/jalmeida/.pyenv/versions/3.12.7/envs/sbsr/lib/python3.12/site-packages (from pandas>=1.4.0->geopandas->terratorch) (2025.2)
Requirement already satisfied: munch in /home/jalmeida/.pyenv/versions/3.12.7/envs/sbsr/lib/python3.12/site-packages (from pretrainedmodels>=0.7.1->segmentation-models-pytorch->terratorch) (4.0.0)
Requirement already satisfied: annotated-types>=0.6.0 in /home/jalmeida/.pyenv/versions/3.12.7/envs/sbsr/lib/python3.12/site-packages (from pydantic>=2.7.0->albumentations==1.4.6->terratorch) (0.7.0)
Requirement already satisfied: pydantic-core==2.33.0 in /home/jalmeida/.pyenv/versions/3.12.7/envs/sbsr/lib/python3.12/site-packages (from pydantic>=2.7.0->albumentations==1.4.6->terratorch) (2.33.0)
Requirement already satisfied: typing-inspection>=0.4.0 in /home/jalmeida/.pyenv/versions/3.12.7/envs/sbsr/lib/python3.12/site-packages (from pydantic>=2.7.0->albumentations==1.4.6->terratorch) (0.4.0)
Requirement already satisfied: imageio!=2.35.0,>=2.33 in /home/jalmeida/.pyenv/versions/3.12.7/envs/sbsr/lib/python3.12/site-packages (from scikit-image>=0.21.0->albumentations==1.4.6->terratorch) (2.37.0)
Requirement already satisfied: tifffile>=2022.8.12 in /home/jalmeida/.pyenv/versions/3.12.7/envs/sbsr/lib/python3.12/site-packages (from scikit-image>=0.21.0->albumentations==1.4.6->terratorch) (2025.3.13)
Requirement already satisfied: lazy-loader>=0.4 in /home/jalmeida/.pyenv/versions/3.12.7/envs/sbsr/lib/python3.12/site-packages (from scikit-image>=0.21.0->albumentations==1.4.6->terratorch) (0.4)
Requirement already satisfied: joblib>=1.2.0 in /home/jalmeida/.pyenv/versions/3.12.7/envs/sbsr/lib/python3.12/site-packages (from scikit-learn>=1.3.2->albumentations==1.4.6->terratorch) (1.4.2)
Requirement already satisfied: threadpoolctl>=3.1.0 in /home/jalmeida/.pyenv/versions/3.12.7/envs/sbsr/lib/python3.12/site-packages (from scikit-learn>=1.3.2->albumentations==1.4.6->terratorch) (3.6.0)
Requirement already satisfied: greenlet>=1 in /home/jalmeida/.pyenv/versions/3.12.7/envs/sbsr/lib/python3.12/site-packages (from sqlalchemy<3,>=1.4.0->mlflow->terratorch) (3.1.1)
Requirement already satisfied: aiohappyeyeballs>=2.3.0 in /home/jalmeida/.pyenv/versions/3.12.7/envs/sbsr/lib/python3.12/site-packages (from aiohttp!=4.0.0a0,!=4.0.0a1->fsspec[http]<2026.0,>=2022.5.0->lightning->terratorch) (2.6.1)
Requirement already satisfied: aiosignal>=1.1.2 in /home/jalmeida/.pyenv/versions/3.12.7/envs/sbsr/lib/python3.12/site-packages (from aiohttp!=4.0.0a0,!=4.0.0a1->fsspec[http]<2026.0,>=2022.5.0->lightning->terratorch) (1.3.2)
Requirement already satisfied: frozenlist>=1.1.1 in /home/jalmeida/.pyenv/versions/3.12.7/envs/sbsr/lib/python3.12/site-packages (from aiohttp!=4.0.0a0,!=4.0.0a1->fsspec[http]<2026.0,>=2022.5.0->lightning->terratorch) (1.5.0)
Requirement already satisfied: multidict<7.0,>=4.5 in /home/jalmeida/.pyenv/versions/3.12.7/envs/sbsr/lib/python3.12/site-packages (from aiohttp!=4.0.0a0,!=4.0.0a1->fsspec[http]<2026.0,>=2022.5.0->lightning->terratorch) (6.2.0)
Requirement already satisfied: propcache>=0.2.0 in /home/jalmeida/.pyenv/versions/3.12.7/envs/sbsr/lib/python3.12/site-packages (from aiohttp!=4.0.0a0,!=4.0.0a1->fsspec[http]<2026.0,>=2022.5.0->lightning->terratorch) (0.3.1)
Requirement already satisfied: yarl<2.0,>=1.17.0 in /home/jalmeida/.pyenv/versions/3.12.7/envs/sbsr/lib/python3.12/site-packages (from aiohttp!=4.0.0a0,!=4.0.0a1->fsspec[http]<2026.0,>=2022.5.0->lightning->terratorch) (1.18.3)
Requirement already satisfied: google-auth~=2.0 in /home/jalmeida/.pyenv/versions/3.12.7/envs/sbsr/lib/python3.12/site-packages (from databricks-sdk<1,>=0.20.0->mlflow-skinny==2.21.2->mlflow->terratorch) (2.38.0)
Requirement already satisfied: starlette<0.47.0,>=0.40.0 in /home/jalmeida/.pyenv/versions/3.12.7/envs/sbsr/lib/python3.12/site-packages (from fastapi<1->mlflow-skinny==2.21.2->mlflow->terratorch) (0.46.1)
Requirement already satisfied: gitdb<5,>=4.0.1 in /home/jalmeida/.pyenv/versions/3.12.7/envs/sbsr/lib/python3.12/site-packages (from gitpython<4,>=3.1.9->mlflow-skinny==2.21.2->mlflow->terratorch) (4.0.12)
Requirement already satisfied: zipp>=3.20 in /home/jalmeida/.pyenv/versions/3.12.7/envs/sbsr/lib/python3.12/site-packages (from importlib_metadata!=4.7.0,<9,>=3.7.0->mlflow-skinny==2.21.2->mlflow->terratorch) (3.21.0)
Requirement already satisfied: docstring-parser>=0.15 in /home/jalmeida/.pyenv/versions/3.12.7/envs/sbsr/lib/python3.12/site-packages (from jsonargparse[signatures]<5.0,>=4.27.7; extra == "pytorch-extra"->lightning[pytorch-extra]!=2.3.*,>=2->torchgeo->terratorch) (0.16)
Requirement already satisfied: typeshed-client>=2.1.0 in /home/jalmeida/.pyenv/versions/3.12.7/envs/sbsr/lib/python3.12/site-packages (from jsonargparse[signatures]<5.0,>=4.27.7; extra == "pytorch-extra"->lightning[pytorch-extra]!=2.3.*,>=2->torchgeo->terratorch) (2.7.0)
Requirement already satisfied: deprecated>=1.2.6 in /home/jalmeida/.pyenv/versions/3.12.7/envs/sbsr/lib/python3.12/site-packages (from opentelemetry-api<3,>=1.9.0->mlflow-skinny==2.21.2->mlflow->terratorch) (1.2.18)
Requirement already satisfied: opentelemetry-semantic-conventions==0.52b1 in /home/jalmeida/.pyenv/versions/3.12.7/envs/sbsr/lib/python3.12/site-packages (from opentelemetry-sdk<3,>=1.9.0->mlflow-skinny==2.21.2->mlflow->terratorch) (0.52b1)
Requirement already satisfied: markdown-it-py>=2.2.0 in /home/jalmeida/.pyenv/versions/3.12.7/envs/sbsr/lib/python3.12/site-packages (from rich<14.0,>=12.3.0->lightning[pytorch-extra]!=2.3.*,>=2->torchgeo->terratorch) (3.0.0)
Requirement already satisfied: pygments<3.0.0,>=2.13.0 in /home/jalmeida/.pyenv/versions/3.12.7/envs/sbsr/lib/python3.12/site-packages (from rich<14.0,>=12.3.0->lightning[pytorch-extra]!=2.3.*,>=2->torchgeo->terratorch) (2.19.1)
Requirement already satisfied: h11>=0.8 in /home/jalmeida/.pyenv/versions/3.12.7/envs/sbsr/lib/python3.12/site-packages (from uvicorn<1->mlflow-skinny==2.21.2->mlflow->terratorch) (0.14.0)
Requirement already satisfied: wrapt<2,>=1.10 in /home/jalmeida/.pyenv/versions/3.12.7/envs/sbsr/lib/python3.12/site-packages (from deprecated>=1.2.6->opentelemetry-api<3,>=1.9.0->mlflow-skinny==2.21.2->mlflow->terratorch) (1.17.2)
Requirement already satisfied: smmap<6,>=3.0.1 in /home/jalmeida/.pyenv/versions/3.12.7/envs/sbsr/lib/python3.12/site-packages (from gitdb<5,>=4.0.1->gitpython<4,>=3.1.9->mlflow-skinny==2.21.2->mlflow->terratorch) (5.0.2)
Requirement already satisfied: pyasn1-modules>=0.2.1 in /home/jalmeida/.pyenv/versions/3.12.7/envs/sbsr/lib/python3.12/site-packages (from google-auth~=2.0->databricks-sdk<1,>=0.20.0->mlflow-skinny==2.21.2->mlflow->terratorch) (0.4.2)
Requirement already satisfied: rsa<5,>=3.1.4 in /home/jalmeida/.pyenv/versions/3.12.7/envs/sbsr/lib/python3.12/site-packages (from google-auth~=2.0->databricks-sdk<1,>=0.20.0->mlflow-skinny==2.21.2->mlflow->terratorch) (4.9)
Requirement already satisfied: mdurl~=0.1 in /home/jalmeida/.pyenv/versions/3.12.7/envs/sbsr/lib/python3.12/site-packages (from markdown-it-py>=2.2.0->rich<14.0,>=12.3.0->lightning[pytorch-extra]!=2.3.*,>=2->torchgeo->terratorch) (0.1.2)
Requirement already satisfied: anyio<5,>=3.6.2 in /home/jalmeida/.pyenv/versions/3.12.7/envs/sbsr/lib/python3.12/site-packages (from starlette<0.47.0,>=0.40.0->fastapi<1->mlflow-skinny==2.21.2->mlflow->terratorch) (4.9.0)
Requirement already satisfied: importlib-resources>=1.4.0 in /home/jalmeida/.pyenv/versions/3.12.7/envs/sbsr/lib/python3.12/site-packages (from typeshed-client>=2.1.0->jsonargparse[signatures]<5.0,>=4.27.7; extra == "pytorch-extra"->lightning[pytorch-extra]!=2.3.*,>=2->torchgeo->terratorch) (6.5.2)
Requirement already satisfied: sniffio>=1.1 in /home/jalmeida/.pyenv/versions/3.12.7/envs/sbsr/lib/python3.12/site-packages (from anyio<5,>=3.6.2->starlette<0.47.0,>=0.40.0->fastapi<1->mlflow-skinny==2.21.2->mlflow->terratorch) (1.3.1)
Requirement already satisfied: pyasn1<0.7.0,>=0.6.1 in /home/jalmeida/.pyenv/versions/3.12.7/envs/sbsr/lib/python3.12/site-packages (from pyasn1-modules>=0.2.1->google-auth~=2.0->databricks-sdk<1,>=0.20.0->mlflow-skinny==2.21.2->mlflow->terratorch) (0.6.1)

[1m[[0m[34;49mnotice[0m[1;39;49m][0m[39;49m A new release of pip is available: [0m[31;49m24.2[0m[39;49m -> [0m[32;49m25.0.1[0m
[1m[[0m[34;49mnotice[0m[1;39;49m][0m[39;49m To update, run: [0m[32;49mpython -m pip install --upgrade pip[0m
